<?xml version="1.0" encoding="UTF-8"?>
<testsuite xmlns:xsi="http://www.w3.org/2001/XMLSchema-instance" xsi:noNamespaceSchemaLocation="https://maven.apache.org/surefire/maven-surefire-plugin/xsd/surefire-test-report-3.0.xsd" version="3.0" name="envivotickets.test.ProyectoTest" time="0.032" tests="6" errors="0" skipped="0" failures="0">
  <properties>
[...]
</properties>
  <testcase name="TC02_FabricaEventosConcreta_EventoInvalido" classname="envivotickets.test.ProyectoTest" time="0.013"/>
  <testcase name="TC04_SeccionAsientos_CalculoDisponibilidad" classname="envivotickets.test.ProyectoTest" time="0.002"/>
  <testcase name="TC03_Asiento_CambioEstado" classname="envivotickets.test.ProyectoTest" time="0.0"/>
  <testcase name="TC06_PoliticaPreciosBasica_ValorCorrecto" classname="envivotickets.test.ProyectoTest" time="0.001"/>
  <testcase name="TC01_NotificadorEventos_AgregarYRemoverObservadores" classname="envivotickets.test.ProyectoTest" time="0.002">
    <system-out><![CDATA[Administrador Laura recibió: Mensaje de prueba
]]></system-out>
  </testcase>
  <testcase name="TC05_SeccionAsientos_TodosAgotados" classname="envivotickets.test.ProyectoTest" time="0.0"/>
</testsuite>